<?xml version="1.0" encoding="UTF-8"?>
<testsuite xmlns:xsi="http://www.w3.org/2001/XMLSchema-instance" xsi:noNamespaceSchemaLocation="https://maven.apache.org/surefire/maven-surefire-plugin/xsd/surefire-test-report.xsd" name="runner.TestRunner" time="10.065" tests="13" errors="0" skipped="0" failures="0">
  <properties>
[...]
</properties>
  <testcase name="runScenario" classname="runner.TestRunner" time="2.485"/>
  <testcase name="runScenario" classname="runner.TestRunner" time="0.998"/>
  <testcase name="runScenario" classname="runner.TestRunner" time="0.905"/>
  <testcase name="runScenario" classname="runner.TestRunner" time="0.499"/>
  <testcase name="runScenario" classname="runner.TestRunner" time="0.309"/>
  <testcase name="runScenario" classname="runner.TestRunner" time="0.284"/>
  <testcase name="runScenario" classname="runner.TestRunner" time="0.289"/>
  <testcase name="runScenario" classname="runner.TestRunner" time="0.598"/>
  <testcase name="runScenario" classname="runner.TestRunner" time="0.733"/>
  <testcase name="runScenario" classname="runner.TestRunner" time="0.581"/>
  <testcase name="runScenario" classname="runner.TestRunner" time="0.696"/>
  <testcase name="runScenario" classname="runner.TestRunner" time="0.261"/>
  <testcase name="runScenario" classname="runner.TestRunner" time="0.319"/>
</testsuite>