<?xml version="1.0" encoding="UTF-8"?>
<testng-results ignored="0" total="13" passed="13" failed="0" skipped="0">
  <reporter-output>
  </reporter-output>
  <suite started-at="2023-12-12T16:08:18 IST" name="Surefire suite" finished-at="2023-12-12T16:08:28 IST" duration-ms="9629">
    <groups>
      <group name="cucumber">
        <method signature="AbstractTestNGCucumberTests.runScenario(io.cucumber.testng.PickleWrapper,io.cucumber.testng.FeatureWrapper)[pri:0, instance:runner.TestRunner@64d2d351]" name="runScenario" class="io.cucumber.testng.AbstractTestNGCucumberTests"/>
      </group> <!-- cucumber -->
    </groups>
    <test started-at="2023-12-12T16:08:18 IST" name="Surefire test" finished-at="2023-12-12T16:08:28 IST" duration-ms="9629">
      <class name="runner.TestRunner">
        <test-method is-config="true" signature="setUpClass(org.testng.ITestContext)[pri:0, instance:runner.TestRunner@64d2d351]" started-at="2023-12-12T16:08:18 IST" name="setUpClass" finished-at="2023-12-12T16:08:19 IST" duration-ms="587" status="PASS">
          <params>
            <param index="0">
              <value>
                <![CDATA[org.testng.TestRunner@31a136a6]]>
              </value>
            </param>
          </params>
          <reporter-output>
          </reporter-output>
        </test-method> <!-- setUpClass -->
        <test-method signature="runScenario(io.cucumber.testng.PickleWrapper,io.cucumber.testng.FeatureWrapper)[pri:0, instance:runner.TestRunner@64d2d351]" started-at="2023-12-12T16:08:19 IST" name="runScenario" description="Runs Cucumber Scenarios" data-provider="scenarios" finished-at="2023-12-12T16:08:21 IST" duration-ms="2483" status="PASS">
          <params>
            <param index="0">
              <value>
                <![CDATA["Verify the response code and body of the GitLab Issues API for GET request"]]>
              </value>
            </param>
            <param index="1">
              <value>
                <![CDATA["Optional[Verify CRUD Operations on GitLab Issues]"]]>
              </value>
            </param>
          </params>
          <reporter-output>
          </reporter-output>
        </test-method> <!-- runScenario -->
        <test-method signature="runScenario(io.cucumber.testng.PickleWrapper,io.cucumber.testng.FeatureWrapper)[pri:0, instance:runner.TestRunner@64d2d351]" started-at="2023-12-12T16:08:21 IST" name="runScenario" description="Runs Cucumber Scenarios" data-provider="scenarios" finished-at="2023-12-12T16:08:22 IST" duration-ms="994" status="PASS">
          <params>
            <param index="0">
              <value>
                <![CDATA["Verify the response code and body of the GitLab Issues API for POST request"]]>
              </value>
            </param>
            <param index="1">
              <value>
                <![CDATA["Optional[Verify CRUD Operations on GitLab Issues]"]]>
              </value>
            </param>
          </params>
          <reporter-output>
          </reporter-output>
        </test-method> <!-- runScenario -->
        <test-method signature="runScenario(io.cucumber.testng.PickleWrapper,io.cucumber.testng.FeatureWrapper)[pri:0, instance:runner.TestRunner@64d2d351]" started-at="2023-12-12T16:08:22 IST" name="runScenario" description="Runs Cucumber Scenarios" data-provider="scenarios" finished-at="2023-12-12T16:08:23 IST" duration-ms="909" status="PASS">
          <params>
            <param index="0">
              <value>
                <![CDATA["Verify the response code and body of the GitLab Issues API for PUT request"]]>
              </value>
            </param>
            <param index="1">
              <value>
                <![CDATA["Optional[Verify CRUD Operations on GitLab Issues]"]]>
              </value>
            </param>
          </params>
          <reporter-output>
          </reporter-output>
        </test-method> <!-- runScenario -->
        <test-method signature="runScenario(io.cucumber.testng.PickleWrapper,io.cucumber.testng.FeatureWrapper)[pri:0, instance:runner.TestRunner@64d2d351]" started-at="2023-12-12T16:08:23 IST" name="runScenario" description="Runs Cucumber Scenarios" data-provider="scenarios" finished-at="2023-12-12T16:08:24 IST" duration-ms="500" status="PASS">
          <params>
            <param index="0">
              <value>
                <![CDATA["Verify the response code GitLab Issues API for Delete request"]]>
              </value>
            </param>
            <param index="1">
              <value>
                <![CDATA["Optional[Verify CRUD Operations on GitLab Issues]"]]>
              </value>
            </param>
          </params>
          <reporter-output>
          </reporter-output>
        </test-method> <!-- runScenario -->
        <test-method signature="runScenario(io.cucumber.testng.PickleWrapper,io.cucumber.testng.FeatureWrapper)[pri:0, instance:runner.TestRunner@64d2d351]" started-at="2023-12-12T16:08:24 IST" name="runScenario" description="Runs Cucumber Scenarios" data-provider="scenarios" finished-at="2023-12-12T16:08:24 IST" duration-ms="310" status="PASS">
          <params>
            <param index="0">
              <value>
                <![CDATA["Verify the response code where Issue is not available for GitLab Issues API for Delete request"]]>
              </value>
            </param>
            <param index="1">
              <value>
                <![CDATA["Optional[Verify CRUD Operations on GitLab Issues]"]]>
              </value>
            </param>
          </params>
          <reporter-output>
          </reporter-output>
        </test-method> <!-- runScenario -->
        <test-method signature="runScenario(io.cucumber.testng.PickleWrapper,io.cucumber.testng.FeatureWrapper)[pri:0, instance:runner.TestRunner@64d2d351]" started-at="2023-12-12T16:08:24 IST" name="runScenario" description="Runs Cucumber Scenarios" data-provider="scenarios" finished-at="2023-12-12T16:08:24 IST" duration-ms="282" status="PASS">
          <params>
            <param index="0">
              <value>
                <![CDATA["Verify the response code Issue is not available and body of the GitLab Issues API for GET request"]]>
              </value>
            </param>
            <param index="1">
              <value>
                <![CDATA["Optional[Verify CRUD Operations on GitLab Issues]"]]>
              </value>
            </param>
          </params>
          <reporter-output>
          </reporter-output>
        </test-method> <!-- runScenario -->
        <test-method signature="runScenario(io.cucumber.testng.PickleWrapper,io.cucumber.testng.FeatureWrapper)[pri:0, instance:runner.TestRunner@64d2d351]" started-at="2023-12-12T16:08:24 IST" name="runScenario" description="Runs Cucumber Scenarios" data-provider="scenarios" finished-at="2023-12-12T16:08:25 IST" duration-ms="288" status="PASS">
          <params>
            <param index="0">
              <value>
                <![CDATA["Verify the response code Issue is not available and body of the GitLab Issues API for GET request"]]>
              </value>
            </param>
            <param index="1">
              <value>
                <![CDATA["Optional[Verify CRUD Operations on GitLab Issues]"]]>
              </value>
            </param>
          </params>
          <reporter-output>
          </reporter-output>
        </test-method> <!-- runScenario -->
        <test-method signature="runScenario(io.cucumber.testng.PickleWrapper,io.cucumber.testng.FeatureWrapper)[pri:0, instance:runner.TestRunner@64d2d351]" started-at="2023-12-12T16:08:25 IST" name="runScenario" description="Runs Cucumber Scenarios" data-provider="scenarios" finished-at="2023-12-12T16:08:25 IST" duration-ms="601" status="PASS">
          <params>
            <param index="0">
              <value>
                <![CDATA["Invalid request without title Edge cases for GitLab Issues"]]>
              </value>
            </param>
            <param index="1">
              <value>
                <![CDATA["Optional[Verify Edge cases for API GitLab Issues]"]]>
              </value>
            </param>
          </params>
          <reporter-output>
          </reporter-output>
        </test-method> <!-- runScenario -->
        <test-method signature="runScenario(io.cucumber.testng.PickleWrapper,io.cucumber.testng.FeatureWrapper)[pri:0, instance:runner.TestRunner@64d2d351]" started-at="2023-12-12T16:08:25 IST" name="runScenario" description="Runs Cucumber Scenarios" data-provider="scenarios" finished-at="2023-12-12T16:08:26 IST" duration-ms="733" status="PASS">
          <params>
            <param index="0">
              <value>
                <![CDATA["Special characters in title Edge cases for GitLab Issues"]]>
              </value>
            </param>
            <param index="1">
              <value>
                <![CDATA["Optional[Verify Edge cases for API GitLab Issues]"]]>
              </value>
            </param>
          </params>
          <reporter-output>
          </reporter-output>
        </test-method> <!-- runScenario -->
        <test-method signature="runScenario(io.cucumber.testng.PickleWrapper,io.cucumber.testng.FeatureWrapper)[pri:0, instance:runner.TestRunner@64d2d351]" started-at="2023-12-12T16:08:26 IST" name="runScenario" description="Runs Cucumber Scenarios" data-provider="scenarios" finished-at="2023-12-12T16:08:26 IST" duration-ms="581" status="PASS">
          <params>
            <param index="0">
              <value>
                <![CDATA["Duplicate issue (assuming "Existing Issue" already exists) Edge cases for GitLab Issues"]]>
              </value>
            </param>
            <param index="1">
              <value>
                <![CDATA["Optional[Verify Edge cases for API GitLab Issues]"]]>
              </value>
            </param>
          </params>
          <reporter-output>
          </reporter-output>
        </test-method> <!-- runScenario -->
        <test-method signature="runScenario(io.cucumber.testng.PickleWrapper,io.cucumber.testng.FeatureWrapper)[pri:0, instance:runner.TestRunner@64d2d351]" started-at="2023-12-12T16:08:26 IST" name="runScenario" description="Runs Cucumber Scenarios" data-provider="scenarios" finished-at="2023-12-12T16:08:27 IST" duration-ms="695" status="PASS">
          <params>
            <param index="0">
              <value>
                <![CDATA["Update an Issue with"]]>
              </value>
            </param>
            <param index="1">
              <value>
                <![CDATA["Optional[Verify Edge cases for API GitLab Issues]"]]>
              </value>
            </param>
          </params>
          <reporter-output>
          </reporter-output>
        </test-method> <!-- runScenario -->
        <test-method signature="runScenario(io.cucumber.testng.PickleWrapper,io.cucumber.testng.FeatureWrapper)[pri:0, instance:runner.TestRunner@64d2d351]" started-at="2023-12-12T16:08:27 IST" name="runScenario" description="Runs Cucumber Scenarios" data-provider="scenarios" finished-at="2023-12-12T16:08:27 IST" duration-ms="261" status="PASS">
          <params>
            <param index="0">
              <value>
                <![CDATA["Delete an Issue with issueId not available"]]>
              </value>
            </param>
            <param index="1">
              <value>
                <![CDATA["Optional[Verify Edge cases for API GitLab Issues]"]]>
              </value>
            </param>
          </params>
          <reporter-output>
          </reporter-output>
        </test-method> <!-- runScenario -->
        <test-method signature="runScenario(io.cucumber.testng.PickleWrapper,io.cucumber.testng.FeatureWrapper)[pri:0, instance:runner.TestRunner@64d2d351]" started-at="2023-12-12T16:08:27 IST" name="runScenario" description="Runs Cucumber Scenarios" data-provider="scenarios" finished-at="2023-12-12T16:08:28 IST" duration-ms="319" status="PASS">
          <params>
            <param index="0">
              <value>
                <![CDATA["Get Issue Details with Various Scenarios"]]>
              </value>
            </param>
            <param index="1">
              <value>
                <![CDATA["Optional[Verify Edge cases for API GitLab Issues]"]]>
              </value>
            </param>
          </params>
          <reporter-output>
          </reporter-output>
        </test-method> <!-- runScenario -->
        <test-method is-config="true" signature="tearDownClass()[pri:0, instance:runner.TestRunner@64d2d351]" started-at="2023-12-12T16:08:28 IST" name="tearDownClass" finished-at="2023-12-12T16:08:28 IST" duration-ms="51" status="PASS">
          <reporter-output>
          </reporter-output>
        </test-method> <!-- tearDownClass -->
      </class> <!-- runner.TestRunner -->
    </test> <!-- Surefire test -->
  </suite> <!-- Surefire suite -->
</testng-results>
